
[Thu, 26 Oct 2017 10:46:29 -0400] #0 C:\xampp\htdocs\contempo\funciones\conex.php(89): mysqli_stmt->execute()
#1 C:\xampp\htdocs\contempo\funciones\class.inventory.php(49): Query::prun('INSERT INTO inv...', Array)
#2 C:\xampp\htdocs\contempo\funciones\class.inventory.php(79): Inventory->add('2', 'Replacements do...', '1', '7')
#3 {main}
Cannot add or update a child row: a foreign key constraint fails (`contempo`.`inventory`, CONSTRAINT `inventory_ibfk_2` FOREIGN KEY (`id_measurement`) REFERENCES `inventory_measurement` (`id_measurement`) ON DELETE CASCADE)
[Thu, 26 Oct 2017 10:58:31 -0400] #0 C:\xampp\htdocs\contempo\funciones\conex.php(47): mysqli->query('SELECT * FROM i...')
#1 C:\xampp\htdocs\contempo\funciones\class.inventory.php(28): Query::run('SELECT * FROM i...')
#2 C:\xampp\htdocs\contempo\views\inventory.php(293): Inventory->consulta()
#3 C:\xampp\htdocs\contempo\inicio.php(189): require('C:\\xampp\\htdocs...')
#4 {main}
Column 'id_measurement' in on clause is ambiguous
[Thu, 26 Oct 2017 10:59:21 -0400] #0 C:\xampp\htdocs\contempo\funciones\conex.php(47): mysqli->query('SELECT * FROM i...')
#1 C:\xampp\htdocs\contempo\funciones\class.inventory.php(28): Query::run('SELECT * FROM i...')
#2 C:\xampp\htdocs\contempo\views\inventory.php(293): Inventory->consulta()
#3 C:\xampp\htdocs\contempo\inicio.php(189): require('C:\\xampp\\htdocs...')
#4 {main}
Unknown column 'i.id_category' in 'on clause'
[Thu, 26 Oct 2017 11:41:08 -0400] #0 C:\xampp\htdocs\contempo\funciones\conex.php(79): mysqli->prepare('SELECT id FROM ...')
#1 C:\xampp\htdocs\contempo\funciones\class.inventory.php(80): Query::prun('SELECT id FROM ...')
#2 C:\xampp\htdocs\contempo\funciones\class.inventory.php(122): Inventory->delete(NULL)
#3 {main}
You have an error in your SQL syntax; check the manual that corresponds to your MariaDB server version for the right syntax to use near '' at line 1
[Thu, 26 Oct 2017 11:41:38 -0400] #0 C:\xampp\htdocs\contempo\funciones\conex.php(79): mysqli->prepare('SELECT id FROM ...')
#1 C:\xampp\htdocs\contempo\funciones\class.inventory.php(80): Query::prun('SELECT id FROM ...')
#2 C:\xampp\htdocs\contempo\funciones\class.inventory.php(122): Inventory->delete('3')
#3 {main}
Unknown column 'id' in 'field list'
[Thu, 26 Oct 2017 11:48:00 -0400] #0 C:\xampp\htdocs\contempo\funciones\conex.php(89): mysqli_stmt->execute()
#1 C:\xampp\htdocs\contempo\funciones\class.inventory.php(66): Query::prun('INSERT INTO inv...', Array)
#2 C:\xampp\htdocs\contempo\funciones\class.inventory.php(119): Inventory->add('<br />\r\n<b>Noti...', 'sasdasd', '1', '3')
#3 {main}
Cannot add or update a child row: a foreign key constraint fails (`contempo`.`inventory`, CONSTRAINT `inventory_ibfk_1` FOREIGN KEY (`id_category`) REFERENCES `inventory_category` (`id_category`))
[Thu, 26 Oct 2017 11:48:06 -0400] #0 C:\xampp\htdocs\contempo\funciones\conex.php(89): mysqli_stmt->execute()
#1 C:\xampp\htdocs\contempo\funciones\class.inventory.php(66): Query::prun('INSERT INTO inv...', Array)
#2 C:\xampp\htdocs\contempo\funciones\class.inventory.php(119): Inventory->add('<br />\r\n<b>Noti...', 'sasdasd', '1', '3')
#3 {main}
Cannot add or update a child row: a foreign key constraint fails (`contempo`.`inventory`, CONSTRAINT `inventory_ibfk_1` FOREIGN KEY (`id_category`) REFERENCES `inventory_category` (`id_category`))
[Thu, 26 Oct 2017 15:01:11 -0400] #0 C:\xampp\htdocs\contempo\funciones\conex.php(79): mysqli->prepare('UPDATE inventor...')
#1 C:\xampp\htdocs\contempo\funciones\class.inventory.php(85): Query::prun('UPDATE inventor...')
#2 C:\xampp\htdocs\contempo\funciones\class.inventory.php(169): Inventory->restock('8', '5')
#3 {main}
Unknown column 'stock' in 'field list'
[Thu, 26 Oct 2017 15:03:21 -0400] #0 C:\xampp\htdocs\contempo\funciones\conex.php(79): mysqli->prepare('UPDATE inventor...')
#1 C:\xampp\htdocs\contempo\funciones\class.inventory.php(107): Query::prun('UPDATE inventor...')
#2 C:\xampp\htdocs\contempo\funciones\class.inventory.php(171): Inventory->replace('8', '3')
#3 {main}
Unknown column 'stock' in 'field list'
[Thu, 26 Oct 2017 15:17:54 -0400] #0 C:\xampp\htdocs\contempo\funciones\conex.php(79): mysqli->prepare('UPDATE inventor...')
#1 C:\xampp\htdocs\contempo\funciones\class.inventory.php(107): Query::prun('UPDATE inventor...')
#2 C:\xampp\htdocs\contempo\funciones\class.inventory.php(171): Inventory->replace('8', '')
#3 {main}
You have an error in your SQL syntax; check the manual that corresponds to your MariaDB server version for the right syntax to use near 'WHERE id_inventory = 8' at line 3
[Thu, 26 Oct 2017 15:19:23 -0400] #0 C:\xampp\htdocs\contempo\funciones\conex.php(79): mysqli->prepare('UPDATE inventor...')
#1 C:\xampp\htdocs\contempo\funciones\class.inventory.php(107): Query::prun('UPDATE inventor...')
#2 C:\xampp\htdocs\contempo\funciones\class.inventory.php(171): Inventory->replace('8', '')
#3 {main}
You have an error in your SQL syntax; check the manual that corresponds to your MariaDB server version for the right syntax to use near 'WHERE id_inventory = 8' at line 3
[Thu, 26 Oct 2017 15:59:17 -0400] #0 C:\xampp\htdocs\contempo\funciones\conex.php(79): mysqli->prepare('SELECT id_inven...')
#1 C:\xampp\htdocs\contempo\funciones\class.inventory.php(79): Query::prun('SELECT id_inven...')
#2 C:\xampp\htdocs\contempo\funciones\class.inventory.php(196): Inventory->edit(NULL, '2', 'jnhjjjj', '4', '12')
#3 {main}
You have an error in your SQL syntax; check the manual that corresponds to your MariaDB server version for the right syntax to use near '' at line 1