
[Fri, 24 Feb 2017 17:09:49 -0430] #0 C:\xampp\htdocs\contempospazio\funciones\conex.php(79): mysqli->prepare('INSERT INTO ord...')
#1 C:\xampp\htdocs\contempospazio\funciones\class.quotation.php(61): Query::prun('INSERT INTO ord...', Array)
#2 C:\xampp\htdocs\contempospazio\funciones\class.quotation.php(231): Quotation->add('CL55840', NULL, '', 'Orlando', 'Cuidad Jardin', 'email@email.com', '123456788', 'Non', NULL)
#3 {main}
Column count doesn't match value count at row 1
[Fri, 24 Feb 2017 17:09:49 -0430] #0 C:\xampp\htdocs\contempospazio\funciones\conex.php(47): mysqli->query('DELETE FROM cli...')
#1 C:\xampp\htdocs\contempospazio\funciones\class.quotation.php(187): Query::run('DELETE FROM cli...')
#2 C:\xampp\htdocs\contempospazio\funciones\class.quotation.php(231): Quotation->add('CL55840', NULL, '', 'Orlando', 'Cuidad Jardin', 'email@email.com', '123456788', 'Non', NULL)
#3 {main}
Unknown column 'CL55840' in 'where clause'
[Fri, 24 Feb 2017 18:06:05 -0430] #0 C:\xampp\htdocs\contempospazio\funciones\conex.php(79): mysqli->prepare('INSERT INTO acc...')
#1 C:\xampp\htdocs\contempospazio\funciones\class.products.php(174): Query::prun('INSERT INTO acc...', Array)
#2 C:\xampp\htdocs\contempospazio\funciones\class.products.php(108): Products->add_accessory('Internet stuff', '800', 'fee353ff4ed5513...')
#3 C:\xampp\htdocs\contempospazio\funciones\class.products.php(1150): Products->add('4', Object(stdClass), Array)
#4 {main}
Table 'contempospazio.accessories' doesn't exist
[Fri, 24 Feb 2017 18:07:50 -0430] #0 C:\xampp\htdocs\contempospazio\funciones\conex.php(79): mysqli->prepare('INSERT INTO acc...')
#1 C:\xampp\htdocs\contempospazio\funciones\class.products.php(174): Query::prun('INSERT INTO acc...', Array)
#2 C:\xampp\htdocs\contempospazio\funciones\class.products.php(108): Products->add_accessory('Internet stuff', '800', '2120a17225cd7c5...')
#3 C:\xampp\htdocs\contempospazio\funciones\class.products.php(1150): Products->add('4', Object(stdClass), Array)
#4 {main}
Column count doesn't match value count at row 1
[Fri, 24 Feb 2017 18:25:18 -0430] #0 C:\xampp\htdocs\contempospazio\funciones\conex.php(79): mysqli->prepare('SELECT * FROM a...')
#1 C:\xampp\htdocs\contempospazio\funciones\class.products.php(100): Query::prun('SELECT * FROM a...', Array)
#2 C:\xampp\htdocs\contempospazio\views\products.php(1039): Products->obtener_accessory('<br /><b>Notice...')
#3 C:\xampp\htdocs\contempospazio\inicio.php(21): require('C:\\xampp\\htdocs...')
#4 {main}
Unknown column 'id_accessorie' in 'where clause'
[Fri, 24 Feb 2017 18:25:56 -0430] #0 C:\xampp\htdocs\contempospazio\funciones\conex.php(79): mysqli->prepare('SELECT * FROM a...')
#1 C:\xampp\htdocs\contempospazio\funciones\class.products.php(100): Query::prun('SELECT * FROM a...', Array)
#2 C:\xampp\htdocs\contempospazio\views\products.php(1039): Products->obtener_accessory('1')
#3 C:\xampp\htdocs\contempospazio\inicio.php(21): require('C:\\xampp\\htdocs...')
#4 {main}
Unknown column 'id_accessorie' in 'where clause'