
[Tue, 28 Feb 2017 12:10:06 -0430] #0 C:\xampp\htdocs\contempospazio\funciones\conex.php(47): mysqli->query('SELECT cabinets...')
#1 C:\xampp\htdocs\contempospazio\funciones\class.products.php(961): Query::run('SELECT cabinets...')
#2 C:\xampp\htdocs\contempospazio\inicio.php(42): Products->lastAdded()
#3 {main}
Unknown column 'id_product' in 'field list'
[Tue, 28 Feb 2017 12:10:23 -0430] #0 C:\xampp\htdocs\contempospazio\funciones\conex.php(47): mysqli->query('SELECT cabinets...')
#1 C:\xampp\htdocs\contempospazio\funciones\class.products.php(961): Query::run('SELECT cabinets...')
#2 C:\xampp\htdocs\contempospazio\inicio.php(42): Products->lastAdded()
#3 {main}
Unknown column 'id_product' in 'field list'
[Tue, 28 Feb 2017 12:10:33 -0430] #0 C:\xampp\htdocs\contempospazio\funciones\conex.php(47): mysqli->query('SELECT cabinets...')
#1 C:\xampp\htdocs\contempospazio\funciones\class.products.php(961): Query::run('SELECT cabinets...')
#2 C:\xampp\htdocs\contempospazio\inicio.php(42): Products->lastAdded()
#3 {main}
Unknown column 'id_product' in 'field list'
[Tue, 28 Feb 2017 13:03:14 -0430] #0 C:\xampp\htdocs\contempospazio\funciones\conex.php(89): mysqli_stmt->execute()
#1 C:\xampp\htdocs\contempospazio\funciones\class.quotation.php(167): Query::prun('INSERT INTO ord...', Array)
#2 C:\xampp\htdocs\contempospazio\funciones\class.quotation.php(261): Quotation->add('CL55840', 'final test', '{"0":{"type":"1...', 'Orlando', 'Cuidad Jardin', 'email@email.com', '123456788', 'Non', NULL)
#3 {main}
Column 'od_price' cannot be null
[Tue, 28 Feb 2017 15:11:01 -0430] #0 C:\xampp\htdocs\contempospazio\funciones\conex.php(79): mysqli->prepare('SELECT p.*,c.co...')
#1 C:\xampp\htdocs\contempospazio\funciones\class.quotation.php(105): Query::prun('SELECT p.*,c.co...', Array)
#2 C:\xampp\htdocs\contempospazio\funciones\class.quotation.php(261): Quotation->add('CL55840', 'j', '{"0":{"type":"2...', 'Orlando', 'Cuidad Jardin', 'email@email.com', '123456788', 'Non', NULL)
#3 {main}
Unknown column 'c.id_shape' in 'on clause'
[Tue, 28 Feb 2017 15:11:01 -0430] #0 C:\xampp\htdocs\contempospazio\funciones\conex.php(89): mysqli_stmt->execute()
#1 C:\xampp\htdocs\contempospazio\funciones\class.quotation.php(167): Query::prun('INSERT INTO ord...', Array)
#2 C:\xampp\htdocs\contempospazio\funciones\class.quotation.php(261): Quotation->add('CL55840', 'j', '{"0":{"type":"2...', 'Orlando', 'Cuidad Jardin', 'email@email.com', '123456788', 'Non', NULL)
#3 {main}
Column 'od_id_product' cannot be null